Checking whether the ASM compiler is GNU using "--version" did not match "(GNU assembler)|(GCC)|(Free Software Foundation)":
clang version 3.9.1-4ubuntu3~14.04.2 (tags/RELEASE_391/rc2)
Target: x86_64-unknown-linux-gnu
Thread model: posix
InstalledDir: /usr/bin
Checking whether the ASM compiler is HP using "-V" did not match "HP C":
clang: error: argument to '-V' is missing (expected 1 value)
clang: error: no input files
Checking whether the ASM compiler is Intel using "--version" did not match "(ICC)":
clang version 3.9.1-4ubuntu3~14.04.2 (tags/RELEASE_391/rc2)
Target: x86_64-unknown-linux-gnu
Thread model: posix
InstalledDir: /usr/bin
Checking whether the ASM compiler is SunPro using "-V" did not match "Sun C":
clang: error: argument to '-V' is missing (expected 1 value)
clang: error: no input files
Checking whether the ASM compiler is XL using "-qversion" did not match "XL C":
clang: error: unknown argument: '-qversion'
clang: error: no input files
Checking whether the ASM compiler is MSVC using "/?" did not match "Microsoft":
clang: error: no such file or directory: '/?'
clang: error: no input files
Checking whether the ASM compiler is TI using "-h" did not match "Texas Instruments":
clang: error: unknown argument: '-h'
clang: error: no input files
Checking whether the ASM compiler is GNU using "--version" did not match "(GNU assembler)|(GCC)|(Free Software Foundation)":
clang version 3.9.1-4ubuntu3~14.04.2 (tags/RELEASE_391/rc2)
Target: x86_64-unknown-linux-gnu
Thread model: posix
InstalledDir: /usr/bin
Checking whether the ASM compiler is IAR using "" did not match "IAR Assembler":
clang: error: no input files
